This file contains any messages produced by compilers while
running configure, to aid debugging if configure makes a mistake.

It was created by SIC configure 0.1, which was
generated by GNU Autoconf 2.68.  Invocation command line was

  $ ./configure 

## --------- ##
## Platform. ##
## --------- ##

hostname = Karata-Laptop
uname -m = x86_64
uname -r = 3.1.4-ck-kar
uname -s = Linux
uname -v = #17 SMP PREEMPT Sat Dec 24 19:24:43 CST 2011

/usr/bin/uname -p = Intel(R) Core(TM)2 Duo CPU P8400 @ 2.26GHz
/bin/uname -X     = unknown

/bin/arch              = unknown
/usr/bin/arch -k       = unknown
/usr/convex/getsysinfo = unknown
/usr/bin/hostinfo      = unknown
/bin/machine           = unknown
/usr/bin/oslevel       = unknown
/bin/universe          = unknown

PATH: /home/rquiss/sh
PATH: /usr/sbin
PATH: /sbin
PATH: /usr/local/bin
PATH: /usr/bin
PATH: /bin
PATH: /opt/bin
PATH: /usr/x86_64-pc-linux-gnu/gcc-bin/4.6.2
PATH: /opt/intel/Compiler/11.1/072/bin/intel64
PATH: /usr/games/bin


## ----------- ##
## Core tests. ##
## ----------- ##

configure:2051: checking for a BSD-compatible install
configure:2119: result: /usr/bin/install -c
configure:2130: checking whether build environment is sane
configure:2180: result: yes
configure:2321: checking for a thread-safe mkdir -p
configure:2360: result: /bin/mkdir -p
configure:2373: checking for gawk
configure:2389: found /usr/bin/gawk
configure:2400: result: gawk
configure:2411: checking whether make sets $(MAKE)
configure:2433: result: yes
configure:2562: checking for gcc
configure:2578: found /usr/bin/gcc
configure:2589: result: gcc
configure:2818: checking for C compiler version
configure:2827: gcc --version >&5
gcc (Gentoo 4.6.2 p1.1, pie-0.4.5) 4.6.2
Copyright (C) 2011 Free Software Foundation, Inc.
This is free software; see the source for copying conditions.  There is NO
warranty; not even for MERCHANTABILITY or FITNESS FOR A PARTICULAR PURPOSE.

configure:2838: $? = 0
configure:2827: gcc -v >&5
Using built-in specs.
COLLECT_GCC=/usr/x86_64-pc-linux-gnu/gcc-bin/4.6.2/gcc
COLLECT_LTO_WRAPPER=/usr/libexec/gcc/x86_64-pc-linux-gnu/4.6.2/lto-wrapper
Target: x86_64-pc-linux-gnu
Configured with: /var/tmp/portage/sys-devel/gcc-4.6.2/work/gcc-4.6.2/configure --prefix=/usr --bindir=/usr/x86_64-pc-linux-gnu/gcc-bin/4.6.2 --includedir=/usr/lib/gcc/x86_64-pc-linux-gnu/4.6.2/include --datadir=/usr/share/gcc-data/x86_64-pc-linux-gnu/4.6.2 --mandir=/usr/share/gcc-data/x86_64-pc-linux-gnu/4.6.2/man --infodir=/usr/share/gcc-data/x86_64-pc-linux-gnu/4.6.2/info --with-gxx-include-dir=/usr/lib/gcc/x86_64-pc-linux-gnu/4.6.2/include/g++-v4 --host=x86_64-pc-linux-gnu --build=x86_64-pc-linux-gnu --disable-altivec --disable-fixed-point --without-ppl --without-cloog --enable-lto --enable-nls --without-included-gettext --with-system-zlib --disable-werror --enable-secureplt --enable-multilib --enable-libmudflap --disable-libssp --enable-libgomp --with-python-dir=/share/gcc-data/x86_64-pc-linux-gnu/4.6.2/python --enable-checking=release --disable-libgcj --disable-libquadmath --enable-languages=c,c++ --enable-shared --enable-threads=posix --enable-__cxa_atexit --enable-clocale=gnu --with-bugurl=http://bugs.gentoo.org/ --with-pkgversion='Gentoo 4.6.2 p1.1, pie-0.4.5'
Thread model: posix
gcc version 4.6.2 (Gentoo 4.6.2 p1.1, pie-0.4.5) 
configure:2838: $? = 0
configure:2827: gcc -V >&5
gcc: error: unrecognized option '-V'
gcc: fatal error: no input files
compilation terminated.
configure:2838: $? = 1
configure:2827: gcc -qversion >&5
gcc: error: unrecognized option '-qversion'
gcc: fatal error: no input files
compilation terminated.
configure:2838: $? = 1
configure:2858: checking whether the C compiler works
configure:2880: gcc    conftest.c  >&5
configure:2884: $? = 0
configure:2932: result: yes
configure:2935: checking for C compiler default output file name
configure:2937: result: a.out
configure:2943: checking for suffix of executables
configure:2950: gcc -o conftest    conftest.c  >&5
configure:2954: $? = 0
configure:2976: result: 
configure:2998: checking whether we are cross compiling
configure:3006: gcc -o conftest    conftest.c  >&5
configure:3010: $? = 0
configure:3017: ./conftest
configure:3021: $? = 0
configure:3036: result: no
configure:3041: checking for suffix of object files
configure:3063: gcc -c   conftest.c >&5
configure:3067: $? = 0
configure:3088: result: o
configure:3092: checking whether we are using the GNU C compiler
configure:3111: gcc -c   conftest.c >&5
configure:3111: $? = 0
configure:3120: result: yes
configure:3129: checking whether gcc accepts -g
configure:3149: gcc -c -g  conftest.c >&5
configure:3149: $? = 0
configure:3190: result: yes
configure:3207: checking for gcc option to accept ISO C89
configure:3271: gcc  -c -g -O2  conftest.c >&5
configure:3271: $? = 0
configure:3284: result: none needed
configure:3315: checking for style of include used by make
configure:3343: result: GNU
configure:3368: checking dependency style of gcc
configure:3478: result: gcc3
configure:3536: checking for ranlib
configure:3552: found /usr/bin/ranlib
configure:3563: result: ranlib
configure:3596: checking how to run the C preprocessor
configure:3627: gcc -E  conftest.c
configure:3627: $? = 0
configure:3641: gcc -E  conftest.c
conftest.c:11:28: fatal error: ac_nonexistent.h: No such file or directory
compilation terminated.
configure:3641: $? = 1
configure: failed program was:
| /* confdefs.h */
| #define PACKAGE_NAME "SIC"
| #define PACKAGE_TARNAME "sic"
| #define PACKAGE_VERSION "0.1"
| #define PACKAGE_STRING "SIC 0.1"
| #define PACKAGE_BUGREPORT "vabc3h@gmail.com"
| #define PACKAGE_URL ""
| #define PACKAGE "sic"
| #define VERSION "0.1"
| /* end confdefs.h.  */
| #include <ac_nonexistent.h>
configure:3666: result: gcc -E
configure:3686: gcc -E  conftest.c
configure:3686: $? = 0
configure:3700: gcc -E  conftest.c
conftest.c:11:28: fatal error: ac_nonexistent.h: No such file or directory
compilation terminated.
configure:3700: $? = 1
configure: failed program was:
| /* confdefs.h */
| #define PACKAGE_NAME "SIC"
| #define PACKAGE_TARNAME "sic"
| #define PACKAGE_VERSION "0.1"
| #define PACKAGE_STRING "SIC 0.1"
| #define PACKAGE_BUGREPORT "vabc3h@gmail.com"
| #define PACKAGE_URL ""
| #define PACKAGE "sic"
| #define VERSION "0.1"
| /* end confdefs.h.  */
| #include <ac_nonexistent.h>
configure:3729: checking for grep that handles long lines and -e
configure:3787: result: /bin/grep
configure:3792: checking for egrep
configure:3854: result: /bin/grep -E
configure:3859: checking for ANSI C header files
configure:3879: gcc -c -g -O2  conftest.c >&5
configure:3879: $? = 0
configure:3952: gcc -o conftest -g -O2   conftest.c  >&5
configure:3952: $? = 0
configure:3952: ./conftest
configure:3952: $? = 0
configure:3963: result: yes
configure:3976: checking for sys/types.h
configure:3976: gcc -c -g -O2  conftest.c >&5
configure:3976: $? = 0
configure:3976: result: yes
configure:3976: checking for sys/stat.h
configure:3976: gcc -c -g -O2  conftest.c >&5
configure:3976: $? = 0
configure:3976: result: yes
configure:3976: checking for stdlib.h
configure:3976: gcc -c -g -O2  conftest.c >&5
configure:3976: $? = 0
configure:3976: result: yes
configure:3976: checking for string.h
configure:3976: gcc -c -g -O2  conftest.c >&5
configure:3976: $? = 0
configure:3976: result: yes
configure:3976: checking for memory.h
configure:3976: gcc -c -g -O2  conftest.c >&5
configure:3976: $? = 0
configure:3976: result: yes
configure:3976: checking for strings.h
configure:3976: gcc -c -g -O2  conftest.c >&5
configure:3976: $? = 0
configure:3976: result: yes
configure:3976: checking for inttypes.h
configure:3976: gcc -c -g -O2  conftest.c >&5
configure:3976: $? = 0
configure:3976: result: yes
configure:3976: checking for stdint.h
configure:3976: gcc -c -g -O2  conftest.c >&5
configure:3976: $? = 0
configure:3976: result: yes
configure:3976: checking for unistd.h
configure:3976: gcc -c -g -O2  conftest.c >&5
configure:3976: $? = 0
configure:3976: result: yes
configure:3990: checking for stdlib.h
configure:3990: result: yes
configure:4006: checking for stdlib.h
configure:4006: result: yes
configure:4016: checking for GNU libc compatible malloc
configure:4040: gcc -o conftest -g -O2   conftest.c  >&5
configure:4040: $? = 0
configure:4040: ./conftest
configure:4040: $? = 0
configure:4050: result: yes
configure:4206: creating ./config.status

## ---------------------- ##
## Running config.status. ##
## ---------------------- ##

This file was extended by SIC config.status 0.1, which was
generated by GNU Autoconf 2.68.  Invocation command line was

  CONFIG_FILES    = 
  CONFIG_HEADERS  = 
  CONFIG_LINKS    = 
  CONFIG_COMMANDS = 
  $ ./config.status 

on Karata-Laptop

config.status:867: creating Makefile
config.status:867: creating libsift/Makefile
config.status:867: creating libsic/Makefile
config.status:867: creating libsic/test/Makefile
config.status:867: creating src/Makefile
config.status:867: creating config.h
config.status:1048: config.h is unchanged
config.status:1096: executing depfiles commands

## ---------------- ##
## Cache variables. ##
## ---------------- ##

ac_cv_c_compiler_gnu=yes
ac_cv_env_CC_set=
ac_cv_env_CC_value=
ac_cv_env_CFLAGS_set=
ac_cv_env_CFLAGS_value=
ac_cv_env_CPPFLAGS_set=
ac_cv_env_CPPFLAGS_value=
ac_cv_env_CPP_set=
ac_cv_env_CPP_value=
ac_cv_env_LDFLAGS_set=
ac_cv_env_LDFLAGS_value=
ac_cv_env_LIBS_set=
ac_cv_env_LIBS_value=
ac_cv_env_build_alias_set=
ac_cv_env_build_alias_value=
ac_cv_env_host_alias_set=
ac_cv_env_host_alias_value=
ac_cv_env_target_alias_set=
ac_cv_env_target_alias_value=
ac_cv_func_malloc_0_nonnull=yes
ac_cv_header_inttypes_h=yes
ac_cv_header_memory_h=yes
ac_cv_header_stdc=yes
ac_cv_header_stdint_h=yes
ac_cv_header_stdlib_h=yes
ac_cv_header_string_h=yes
ac_cv_header_strings_h=yes
ac_cv_header_sys_stat_h=yes
ac_cv_header_sys_types_h=yes
ac_cv_header_unistd_h=yes
ac_cv_objext=o
ac_cv_path_EGREP='/bin/grep -E'
ac_cv_path_GREP=/bin/grep
ac_cv_path_install='/usr/bin/install -c'
ac_cv_path_mkdir=/bin/mkdir
ac_cv_prog_AWK=gawk
ac_cv_prog_CPP='gcc -E'
ac_cv_prog_ac_ct_CC=gcc
ac_cv_prog_ac_ct_RANLIB=ranlib
ac_cv_prog_cc_c89=
ac_cv_prog_cc_g=yes
ac_cv_prog_make_make_set=yes
am_cv_CC_dependencies_compiler_type=gcc3

## ----------------- ##
## Output variables. ##
## ----------------- ##

ACLOCAL='${SHELL} /home/rquiss/prog/opencv/final/missing --run aclocal-1.11'
AMDEPBACKSLASH='\'
AMDEP_FALSE='#'
AMDEP_TRUE=''
AMTAR='${SHELL} /home/rquiss/prog/opencv/final/missing --run tar'
AUTOCONF='${SHELL} /home/rquiss/prog/opencv/final/missing --run autoconf'
AUTOHEADER='${SHELL} /home/rquiss/prog/opencv/final/missing --run autoheader'
AUTOMAKE='${SHELL} /home/rquiss/prog/opencv/final/missing --run automake-1.11'
AWK='gawk'
CC='gcc'
CCDEPMODE='depmode=gcc3'
CFLAGS='-O2 -Wall -g'
CPP='gcc -E'
CPPFLAGS=''
CYGPATH_W='echo'
DEFS='-DHAVE_CONFIG_H'
DEPDIR='.deps'
ECHO_C=''
ECHO_N='-n'
ECHO_T=''
EGREP='/bin/grep -E'
EXEEXT=''
GREP='/bin/grep'
INSTALL_DATA='${INSTALL} -m 644'
INSTALL_PROGRAM='${INSTALL}'
INSTALL_SCRIPT='${INSTALL}'
INSTALL_STRIP_PROGRAM='$(install_sh) -c -s'
LDFLAGS=''
LIBOBJS=''
LIBS=''
LTLIBOBJS=''
MAKEINFO='${SHELL} /home/rquiss/prog/opencv/final/missing --run makeinfo'
MKDIR_P='/bin/mkdir -p'
OBJEXT='o'
PACKAGE='sic'
PACKAGE_BUGREPORT='vabc3h@gmail.com'
PACKAGE_NAME='SIC'
PACKAGE_STRING='SIC 0.1'
PACKAGE_TARNAME='sic'
PACKAGE_URL=''
PACKAGE_VERSION='0.1'
PATH_SEPARATOR=':'
RANLIB='ranlib'
SET_MAKE=''
SHELL='/bin/sh'
STRIP=''
VERSION='0.1'
ac_ct_CC='gcc'
am__EXEEXT_FALSE=''
am__EXEEXT_TRUE='#'
am__fastdepCC_FALSE='#'
am__fastdepCC_TRUE=''
am__include='include'
am__isrc=''
am__leading_dot='.'
am__quote=''
am__tar='${AMTAR} chof - "$$tardir"'
am__untar='${AMTAR} xf -'
bindir='${exec_prefix}/bin'
build_alias=''
datadir='${datarootdir}'
datarootdir='${prefix}/share'
docdir='${datarootdir}/doc/${PACKAGE_TARNAME}'
dvidir='${docdir}'
exec_prefix='${prefix}'
host_alias=''
htmldir='${docdir}'
includedir='${prefix}/include'
infodir='${datarootdir}/info'
install_sh='${SHELL} /home/rquiss/prog/opencv/final/install-sh'
libdir='${exec_prefix}/lib'
libexecdir='${exec_prefix}/libexec'
localedir='${datarootdir}/locale'
localstatedir='${prefix}/var'
mandir='${datarootdir}/man'
mkdir_p='/bin/mkdir -p'
oldincludedir='/usr/include'
pdfdir='${docdir}'
prefix='/usr/local'
program_transform_name='s,x,x,'
psdir='${docdir}'
sbindir='${exec_prefix}/sbin'
sharedstatedir='${prefix}/com'
sysconfdir='${prefix}/etc'
target_alias=''

## ----------- ##
## confdefs.h. ##
## ----------- ##

/* confdefs.h */
#define PACKAGE_NAME "SIC"
#define PACKAGE_TARNAME "sic"
#define PACKAGE_VERSION "0.1"
#define PACKAGE_STRING "SIC 0.1"
#define PACKAGE_BUGREPORT "vabc3h@gmail.com"
#define PACKAGE_URL ""
#define PACKAGE "sic"
#define VERSION "0.1"
#define STDC_HEADERS 1
#define HAVE_SYS_TYPES_H 1
#define HAVE_SYS_STAT_H 1
#define HAVE_STDLIB_H 1
#define HAVE_STRING_H 1
#define HAVE_MEMORY_H 1
#define HAVE_STRINGS_H 1
#define HAVE_INTTYPES_H 1
#define HAVE_STDINT_H 1
#define HAVE_UNISTD_H 1
#define HAVE_STDLIB_H 1
#define HAVE_STDLIB_H 1
#define HAVE_MALLOC 1

configure: exit 0
